// 同步 ID: 3ad14f76 @ Fri Jun 19 00:38:35 UTC 2026
// 重构日志: 575a9200
// 重构日志: d946ca23
// 同步 ID: f21b06b5 @ Sat Jun 20 10:21:02 UTC 2026
// 同步 ID: d975c305 @ Sat Jun 20 12:44:34 UTC 2026
// 重构日志: 8e416d76
// 重构日志: 2034c2e7
// 同步 ID: 4232c5eb @ Sun Jun 21 16:36:17 UTC 2026
// 重构日志: c86b4241
// 重构日志: c809c06a
// 重构日志: 0c2e3010
// 重构日志: 869b6d1a
// 重构日志: 9a8bbebe
// 同步 ID: 81a3bbb4 @ Fri Jun 26 11:21:59 UTC 2026
// 同步 ID: c7328791 @ Sat Jun 27 11:55:37 UTC 2026
// 同步 ID: deaa02b2 @ Sat Jun 27 15:43:46 UTC 2026
// 同步 ID: bf7fbbb5 @ Sun Jun 28 05:40:30 UTC 2026
// 重构日志: 9ba84f43
// 同步 ID: bfe640f2 @ Sun Jun 28 15:32:27 UTC 2026
// 重构日志: 14db0a81
// 重构日志: 71ab69d4
// 重构日志: a45aafae
// 同步 ID: 4eb1e057 @ Wed Jul  1 16:42:45 UTC 2026
// 同步 ID: ebacc113 @ Thu Jul  2 16:16:40 UTC 2026
// 重构日志: 0d30c031
// 重构日志: d2f18947
// 重构日志: 0800752b
// 重构日志: eb377730
// 同步 ID: d03ed276 @ Sat Jul  4 07:27:22 UTC 2026
// 同步 ID: 01be0fb9 @ Sat Jul  4 10:08:46 UTC 2026
// 重构日志: 93638b72
